[DEBUG] 2025-11-07 11:52:03.449 [main] PackageRelationshipCollection - Parsing relationship: /xl/_rels/workbook.xml.rels
[DEBUG] 2025-11-07 11:52:03.486 [main] PackageRelationshipCollection - Parsing relationship: /xl/worksheets/_rels/sheet1.xml.rels
[DEBUG] 2025-11-07 11:52:03.489 [main] PackageRelationshipCollection - Parsing relationship: /_rels/.rels
[TRACE] 2025-11-07 11:52:04.030 [main] XBeanDebug - Loading type system org.apache.poi.schemas.ooxml.system.ooxml
[TRACE] 2025-11-07 11:52:04.038 [main] XBeanDebug - Loading type system org.apache.xmlbeans.metadata.system.sXMLCONFIG
[TRACE] 2025-11-07 11:52:04.041 [main] XBeanDebug - Loading type system org.apache.xmlbeans.metadata.system.sXMLLANG
[TRACE] 2025-11-07 11:52:04.043 [main] XBeanDebug - Loading type system org.apache.xmlbeans.metadata.system.sXMLSCHEMA
[TRACE] 2025-11-07 11:52:04.048 [main] XBeanDebug - Loading type system org.apache.xmlbeans.metadata.system.sXMLTOOLS
[TRACE] 2025-11-07 11:52:04.051 [main] XBeanDebug - Reading unresolved handles for type system org.apache.xmlbeans.metadata.system.sXMLTOOLS
[TRACE] 2025-11-07 11:52:04.088 [main] XBeanDebug - Finished loading type system org.apache.xmlbeans.metadata.system.sXMLTOOLS
[TRACE] 2025-11-07 11:52:04.091 [main] XBeanDebug - Reading unresolved handles for type system org.apache.xmlbeans.metadata.system.sXMLSCHEMA
[TRACE] 2025-11-07 11:52:04.133 [main] XBeanDebug - Finished loading type system org.apache.xmlbeans.metadata.system.sXMLSCHEMA
[TRACE] 2025-11-07 11:52:04.135 [main] XBeanDebug - Reading unresolved handles for type system org.apache.xmlbeans.metadata.system.sXMLLANG
[TRACE] 2025-11-07 11:52:04.138 [main] XBeanDebug - Finished loading type system org.apache.xmlbeans.metadata.system.sXMLLANG
[TRACE] 2025-11-07 11:52:04.140 [main] XBeanDebug - Reading unresolved handles for type system org.apache.xmlbeans.metadata.system.sXMLCONFIG
[TRACE] 2025-11-07 11:52:04.142 [main] XBeanDebug - Finished loading type system org.apache.xmlbeans.metadata.system.sXMLCONFIG
[TRACE] 2025-11-07 11:52:04.147 [main] XBeanDebug - Reading unresolved handles for type system org.apache.poi.schemas.ooxml.system.ooxml
[TRACE] 2025-11-07 11:52:04.505 [main] XBeanDebug - Finished loading type system org.apache.poi.schemas.ooxml.system.ooxml
[TRACE] 2025-11-07 11:52:04.507 [main] XBeanDebug - Resolving type for handle themefd26doctype
[TRACE] 2025-11-07 11:52:04.945 [main] XBeanDebug - Resolving type for handle stylesheet5d8bdoctype
[TRACE] 2025-11-07 11:52:04.996 [main] XBeanDebug - Resolving type for handle ctstylesheet4257type
[TRACE] 2025-11-07 11:52:05.007 [main] XBeanDebug - Resolving type for handle ctfonts6623type
[TRACE] 2025-11-07 11:52:05.070 [main] XBeanDebug - Resolving type for handle ctfont14d8type
[TRACE] 2025-11-07 11:52:05.090 [main] XBeanDebug - Resolving type for handle ctfills2c6ftype
[TRACE] 2025-11-07 11:52:05.101 [main] XBeanDebug - Resolving type for handle ctfill550ctype
[TRACE] 2025-11-07 11:52:05.112 [main] XBeanDebug - Resolving type for handle ctborders0d66type
[TRACE] 2025-11-07 11:52:05.118 [main] XBeanDebug - Resolving type for handle ctborderf935type
[TRACE] 2025-11-07 11:52:05.298 [main] XBeanDebug - Resolving type for handle ctcellxfs1322type
[TRACE] 2025-11-07 11:52:05.308 [main] XBeanDebug - Resolving type for handle ctxf97f7type
[TRACE] 2025-11-07 11:52:05.316 [main] XBeanDebug - Resolving type for handle ctcellstylexfsa81ftype
[TRACE] 2025-11-07 11:52:05.321 [main] XBeanDebug - Resolving type for handle ctdxfsb26atype
[TRACE] 2025-11-07 11:52:05.333 [main] XBeanDebug - Resolving type for handle cttablestyles872ftype
[TRACE] 2025-11-07 11:52:05.358 [main] XBeanDebug - Resolving type for handle sstf81fdoctype
[TRACE] 2025-11-07 11:52:05.620 [main] XBeanDebug - Resolving type for handle ctsst44f3type
[TRACE] 2025-11-07 11:52:05.645 [main] XBeanDebug - Resolving type for handle ctrsta472type
[TRACE] 2025-11-07 11:52:05.798 [main] XBeanDebug - Resolving type for handle workbookec17doctype
[TRACE] 2025-11-07 11:52:05.904 [main] XBeanDebug - Resolving type for handle ctworkbook83c3type
[TRACE] 2025-11-07 11:52:05.916 [main] XBeanDebug - Resolving type for handle ctsheets49fdtype
[TRACE] 2025-11-07 11:52:05.922 [main] XBeanDebug - Resolving type for handle ctsheet4dbetype
[TRACE] 2025-11-07 11:52:05.939 [main] XBeanDebug - Resolving type for handle strelationshipid1e94type
[TRACE] 2025-11-07 11:52:05.973 [main] XBeanDebug - Resolving type for handle worksheetf539doctype
[TRACE] 2025-11-07 11:52:06.024 [main] XBeanDebug - Resolving type for handle ctworksheet530dtype
[TRACE] 2025-11-07 11:52:06.070 [main] XBeanDebug - Resolving type for handle ctcols627ctype
[TRACE] 2025-11-07 11:52:06.087 [main] XBeanDebug - Resolving type for handle ctcola95ftype
[TRACE] 2025-11-07 11:52:06.142 [main] XBeanDebug - Resolving type for handle ctsheetdata8408type
[TRACE] 2025-11-07 11:52:06.216 [main] XBeanDebug - Resolving type for handle ctrowdd39type
[TRACE] 2025-11-07 11:52:06.225 [main] XBeanDebug - Resolving type for handle ctcell842btype
[TRACE] 2025-11-07 11:52:06.260 [main] XBeanDebug - Resolving type for handle stcellrefe4e0type
[TRACE] 2025-11-07 11:52:06.320 [main] XBeanDebug - Resolving type for handle cthyperlinks6416type
[TRACE] 2025-11-07 11:52:06.325 [main] XBeanDebug - Resolving type for handle cthyperlink0c85type
[TRACE] 2025-11-07 11:52:06.339 [main] XBeanDebug - Resolving type for handle stxstringf179type
[DEBUG] 2025-11-07 11:52:06.503 [main] PackageRelationshipCollection - Parsing relationship: /xl/_rels/workbook.xml.rels
[DEBUG] 2025-11-07 11:52:06.526 [main] PackageRelationshipCollection - Parsing relationship: /xl/worksheets/_rels/sheet1.xml.rels
[DEBUG] 2025-11-07 11:52:06.550 [main] PackageRelationshipCollection - Parsing relationship: /_rels/.rels
[DEBUG] 2025-11-07 11:52:06.818 [main] PackageRelationshipCollection - Parsing relationship: /xl/_rels/workbook.xml.rels
[DEBUG] 2025-11-07 11:52:06.820 [main] PackageRelationshipCollection - Parsing relationship: /xl/worksheets/_rels/sheet1.xml.rels
[DEBUG] 2025-11-07 11:52:06.823 [main] PackageRelationshipCollection - Parsing relationship: /_rels/.rels
[TRACE] 2025-11-07 11:52:07.022 [main] XBeanDebug - Resolving type for handle stcelltypebf95type
[TRACE] 2025-11-07 11:52:07.043 [main] XBeanDebug - Resolving type for handle stcellstylexfid70c7type
[TRACE] 2025-11-07 11:52:07.053 [main] XBeanDebug - Resolving type for handle stnumfmtid76fbtype
[TRACE] 2025-11-07 11:52:07.061 [main] XBeanDebug - Resolving type for handle ctworkbookpr03a5type
[DEBUG] 2025-11-07 11:52:07.184 [main] PackageRelationshipCollection - Parsing relationship: /xl/_rels/workbook.xml.rels
[DEBUG] 2025-11-07 11:52:07.215 [main] PackageRelationshipCollection - Parsing relationship: /xl/worksheets/_rels/sheet1.xml.rels
[DEBUG] 2025-11-07 11:52:07.232 [main] PackageRelationshipCollection - Parsing relationship: /_rels/.rels
[DEBUG] 2025-11-07 11:52:07.459 [main] PackageRelationshipCollection - Parsing relationship: /xl/_rels/workbook.xml.rels
[DEBUG] 2025-11-07 11:52:07.468 [main] PackageRelationshipCollection - Parsing relationship: /xl/worksheets/_rels/sheet1.xml.rels
[DEBUG] 2025-11-07 11:52:07.470 [main] PackageRelationshipCollection - Parsing relationship: /_rels/.rels
[DEBUG] 2025-11-07 11:52:07.622 [main] PackageRelationshipCollection - Parsing relationship: /xl/_rels/workbook.xml.rels
[DEBUG] 2025-11-07 11:52:07.625 [main] PackageRelationshipCollection - Parsing relationship: /xl/worksheets/_rels/sheet1.xml.rels
[DEBUG] 2025-11-07 11:52:07.631 [main] PackageRelationshipCollection - Parsing relationship: /_rels/.rels
[DEBUG] 2025-11-07 11:52:07.754 [main] PackageRelationshipCollection - Parsing relationship: /xl/_rels/workbook.xml.rels
[DEBUG] 2025-11-07 11:52:07.759 [main] PackageRelationshipCollection - Parsing relationship: /xl/worksheets/_rels/sheet1.xml.rels
[DEBUG] 2025-11-07 11:52:07.776 [main] PackageRelationshipCollection - Parsing relationship: /_rels/.rels
[DEBUG] 2025-11-07 11:52:07.921 [main] PackageRelationshipCollection - Parsing relationship: /xl/_rels/workbook.xml.rels
[DEBUG] 2025-11-07 11:52:07.957 [main] PackageRelationshipCollection - Parsing relationship: /xl/worksheets/_rels/sheet1.xml.rels
[DEBUG] 2025-11-07 11:52:07.965 [main] PackageRelationshipCollection - Parsing relationship: /_rels/.rels
[DEBUG] 2025-11-07 11:52:08.113 [main] PackageRelationshipCollection - Parsing relationship: /xl/_rels/workbook.xml.rels
[DEBUG] 2025-11-07 11:52:08.114 [main] PackageRelationshipCollection - Parsing relationship: /xl/worksheets/_rels/sheet1.xml.rels
[DEBUG] 2025-11-07 11:52:08.116 [main] PackageRelationshipCollection - Parsing relationship: /_rels/.rels
[DEBUG] 2025-11-07 11:52:08.199 [main] PackageRelationshipCollection - Parsing relationship: /xl/_rels/workbook.xml.rels
[DEBUG] 2025-11-07 11:52:08.202 [main] PackageRelationshipCollection - Parsing relationship: /xl/worksheets/_rels/sheet1.xml.rels
[DEBUG] 2025-11-07 11:52:08.203 [main] PackageRelationshipCollection - Parsing relationship: /_rels/.rels
[DEBUG] 2025-11-07 11:52:08.338 [main] PackageRelationshipCollection - Parsing relationship: /xl/_rels/workbook.xml.rels
[DEBUG] 2025-11-07 11:52:08.339 [main] PackageRelationshipCollection - Parsing relationship: /xl/worksheets/_rels/sheet1.xml.rels
[DEBUG] 2025-11-07 11:52:08.342 [main] PackageRelationshipCollection - Parsing relationship: /_rels/.rels
[DEBUG] 2025-11-07 11:52:08.634 [main] PackageRelationshipCollection - Parsing relationship: /xl/_rels/workbook.xml.rels
[DEBUG] 2025-11-07 11:52:08.640 [main] PackageRelationshipCollection - Parsing relationship: /xl/worksheets/_rels/sheet1.xml.rels
[DEBUG] 2025-11-07 11:52:08.675 [main] PackageRelationshipCollection - Parsing relationship: /_rels/.rels
[DEBUG] 2025-11-07 11:52:09.025 [main] PackageRelationshipCollection - Parsing relationship: /xl/_rels/workbook.xml.rels
[DEBUG] 2025-11-07 11:52:09.032 [main] PackageRelationshipCollection - Parsing relationship: /xl/worksheets/_rels/sheet1.xml.rels
[DEBUG] 2025-11-07 11:52:09.034 [main] PackageRelationshipCollection - Parsing relationship: /_rels/.rels
[DEBUG] 2025-11-07 11:52:09.426 [main] PackageRelationshipCollection - Parsing relationship: /xl/_rels/workbook.xml.rels
[DEBUG] 2025-11-07 11:52:09.429 [main] PackageRelationshipCollection - Parsing relationship: /xl/worksheets/_rels/sheet1.xml.rels
[DEBUG] 2025-11-07 11:52:09.432 [main] PackageRelationshipCollection - Parsing relationship: /_rels/.rels
[INFO ] 2025-11-07 11:52:09.599 [main] CrudTestsExcel - *****Creating a new user*****
[INFO ] 2025-11-07 11:52:21.661 [main] CrudTestsExcel - *****Creating a new user*****
[DEBUG] 2025-11-07 11:52:23.567 [main] PackageRelationshipCollection - Parsing relationship: /xl/_rels/workbook.xml.rels
[DEBUG] 2025-11-07 11:52:23.568 [main] PackageRelationshipCollection - Parsing relationship: /xl/worksheets/_rels/sheet1.xml.rels
[DEBUG] 2025-11-07 11:52:23.569 [main] PackageRelationshipCollection - Parsing relationship: /_rels/.rels
[DEBUG] 2025-11-07 11:52:23.652 [main] PackageRelationshipCollection - Parsing relationship: /xl/_rels/workbook.xml.rels
[DEBUG] 2025-11-07 11:52:23.654 [main] PackageRelationshipCollection - Parsing relationship: /xl/worksheets/_rels/sheet1.xml.rels
[DEBUG] 2025-11-07 11:52:23.656 [main] PackageRelationshipCollection - Parsing relationship: /_rels/.rels
[DEBUG] 2025-11-07 11:52:24.246 [main] PackageRelationshipCollection - Parsing relationship: /xl/_rels/workbook.xml.rels
[DEBUG] 2025-11-07 11:52:24.248 [main] PackageRelationshipCollection - Parsing relationship: /xl/worksheets/_rels/sheet1.xml.rels
[DEBUG] 2025-11-07 11:52:24.251 [main] PackageRelationshipCollection - Parsing relationship: /_rels/.rels
[INFO ] 2025-11-07 11:52:27.299 [main] CrudTestsExcel - *****Deleting user*****
[INFO ] 2025-11-07 11:52:32.321 [main] CrudTestsExcel - *****Deleting user*****
[INFO ] 2025-11-07 11:52:37.949 [main] UserTextCases - ****Creating a new user****
[INFO ] 2025-11-07 11:52:40.030 [main] UserTextCases - ****Fetching user info****
[INFO ] 2025-11-07 11:52:41.563 [main] UserTextCases - ***** Updating user info*****
[ERROR] 2025-11-07 11:52:46.396 [main] UserTextCases - Could not update user info because of folllowing reason The parameter "firstName" was used but not defined. Define parameters using the JsonPath.param(...) function
[DEBUG] 2025-11-07 14:16:47.677 [main] PackageRelationshipCollection - Parsing relationship: /xl/_rels/workbook.xml.rels
[DEBUG] 2025-11-07 14:16:47.692 [main] PackageRelationshipCollection - Parsing relationship: /xl/worksheets/_rels/sheet1.xml.rels
[DEBUG] 2025-11-07 14:16:47.695 [main] PackageRelationshipCollection - Parsing relationship: /_rels/.rels
[TRACE] 2025-11-07 14:16:48.260 [main] XBeanDebug - Loading type system org.apache.poi.schemas.ooxml.system.ooxml
[TRACE] 2025-11-07 14:16:48.267 [main] XBeanDebug - Loading type system org.apache.xmlbeans.metadata.system.sXMLCONFIG
[TRACE] 2025-11-07 14:16:48.279 [main] XBeanDebug - Loading type system org.apache.xmlbeans.metadata.system.sXMLLANG
[TRACE] 2025-11-07 14:16:48.283 [main] XBeanDebug - Loading type system org.apache.xmlbeans.metadata.system.sXMLSCHEMA
[TRACE] 2025-11-07 14:16:48.284 [main] XBeanDebug - Loading type system org.apache.xmlbeans.metadata.system.sXMLTOOLS
[TRACE] 2025-11-07 14:16:48.296 [main] XBeanDebug - Reading unresolved handles for type system org.apache.xmlbeans.metadata.system.sXMLTOOLS
[TRACE] 2025-11-07 14:16:48.350 [main] XBeanDebug - Finished loading type system org.apache.xmlbeans.metadata.system.sXMLTOOLS
[TRACE] 2025-11-07 14:16:48.359 [main] XBeanDebug - Reading unresolved handles for type system org.apache.xmlbeans.metadata.system.sXMLSCHEMA
[TRACE] 2025-11-07 14:16:48.445 [main] XBeanDebug - Finished loading type system org.apache.xmlbeans.metadata.system.sXMLSCHEMA
[TRACE] 2025-11-07 14:16:48.447 [main] XBeanDebug - Reading unresolved handles for type system org.apache.xmlbeans.metadata.system.sXMLLANG
[TRACE] 2025-11-07 14:16:48.458 [main] XBeanDebug - Finished loading type system org.apache.xmlbeans.metadata.system.sXMLLANG
[TRACE] 2025-11-07 14:16:48.461 [main] XBeanDebug - Reading unresolved handles for type system org.apache.xmlbeans.metadata.system.sXMLCONFIG
[TRACE] 2025-11-07 14:16:48.463 [main] XBeanDebug - Finished loading type system org.apache.xmlbeans.metadata.system.sXMLCONFIG
[TRACE] 2025-11-07 14:16:48.465 [main] XBeanDebug - Reading unresolved handles for type system org.apache.poi.schemas.ooxml.system.ooxml
[TRACE] 2025-11-07 14:16:48.702 [main] XBeanDebug - Finished loading type system org.apache.poi.schemas.ooxml.system.ooxml
[TRACE] 2025-11-07 14:16:48.707 [main] XBeanDebug - Resolving type for handle themefd26doctype
[TRACE] 2025-11-07 14:16:49.597 [main] XBeanDebug - Resolving type for handle stylesheet5d8bdoctype
[TRACE] 2025-11-07 14:16:49.645 [main] XBeanDebug - Resolving type for handle ctstylesheet4257type
[TRACE] 2025-11-07 14:16:49.671 [main] XBeanDebug - Resolving type for handle ctfonts6623type
[TRACE] 2025-11-07 14:16:49.689 [main] XBeanDebug - Resolving type for handle ctfont14d8type
[TRACE] 2025-11-07 14:16:50.044 [main] XBeanDebug - Resolving type for handle ctfills2c6ftype
[TRACE] 2025-11-07 14:16:50.209 [main] XBeanDebug - Resolving type for handle ctfill550ctype
[TRACE] 2025-11-07 14:16:50.344 [main] XBeanDebug - Resolving type for handle ctborders0d66type
[TRACE] 2025-11-07 14:16:50.928 [main] XBeanDebug - Resolving type for handle ctborderf935type
[TRACE] 2025-11-07 14:16:51.305 [main] XBeanDebug - Resolving type for handle ctcellxfs1322type
[TRACE] 2025-11-07 14:16:51.715 [main] XBeanDebug - Resolving type for handle ctxf97f7type
[TRACE] 2025-11-07 14:16:51.747 [main] XBeanDebug - Resolving type for handle ctcellstylexfsa81ftype
[TRACE] 2025-11-07 14:16:51.757 [main] XBeanDebug - Resolving type for handle ctdxfsb26atype
[TRACE] 2025-11-07 14:16:51.764 [main] XBeanDebug - Resolving type for handle cttablestyles872ftype
[TRACE] 2025-11-07 14:16:51.779 [main] XBeanDebug - Resolving type for handle sstf81fdoctype
[TRACE] 2025-11-07 14:16:51.815 [main] XBeanDebug - Resolving type for handle ctsst44f3type
[TRACE] 2025-11-07 14:16:51.938 [main] XBeanDebug - Resolving type for handle ctrsta472type
[TRACE] 2025-11-07 14:16:52.119 [main] XBeanDebug - Resolving type for handle workbookec17doctype
[TRACE] 2025-11-07 14:16:52.257 [main] XBeanDebug - Resolving type for handle ctworkbook83c3type
[TRACE] 2025-11-07 14:16:52.267 [main] XBeanDebug - Resolving type for handle ctsheets49fdtype
[TRACE] 2025-11-07 14:16:52.277 [main] XBeanDebug - Resolving type for handle ctsheet4dbetype
[TRACE] 2025-11-07 14:16:52.282 [main] XBeanDebug - Resolving type for handle strelationshipid1e94type
[TRACE] 2025-11-07 14:16:52.292 [main] XBeanDebug - Resolving type for handle worksheetf539doctype
[TRACE] 2025-11-07 14:16:52.359 [main] XBeanDebug - Resolving type for handle ctworksheet530dtype
[TRACE] 2025-11-07 14:16:52.389 [main] XBeanDebug - Resolving type for handle ctcols627ctype
[TRACE] 2025-11-07 14:16:52.401 [main] XBeanDebug - Resolving type for handle ctcola95ftype
[TRACE] 2025-11-07 14:16:52.510 [main] XBeanDebug - Resolving type for handle ctsheetdata8408type
[TRACE] 2025-11-07 14:16:52.591 [main] XBeanDebug - Resolving type for handle ctrowdd39type
[TRACE] 2025-11-07 14:16:52.609 [main] XBeanDebug - Resolving type for handle ctcell842btype
[TRACE] 2025-11-07 14:16:52.644 [main] XBeanDebug - Resolving type for handle stcellrefe4e0type
[TRACE] 2025-11-07 14:16:52.689 [main] XBeanDebug - Resolving type for handle cthyperlinks6416type
[TRACE] 2025-11-07 14:16:52.699 [main] XBeanDebug - Resolving type for handle cthyperlink0c85type
[TRACE] 2025-11-07 14:16:52.714 [main] XBeanDebug - Resolving type for handle stxstringf179type
[DEBUG] 2025-11-07 14:16:52.794 [main] PackageRelationshipCollection - Parsing relationship: /xl/_rels/workbook.xml.rels
[DEBUG] 2025-11-07 14:16:52.816 [main] PackageRelationshipCollection - Parsing relationship: /xl/worksheets/_rels/sheet1.xml.rels
[DEBUG] 2025-11-07 14:16:52.823 [main] PackageRelationshipCollection - Parsing relationship: /_rels/.rels
[DEBUG] 2025-11-07 14:16:52.978 [main] PackageRelationshipCollection - Parsing relationship: /xl/_rels/workbook.xml.rels
[DEBUG] 2025-11-07 14:16:52.980 [main] PackageRelationshipCollection - Parsing relationship: /xl/worksheets/_rels/sheet1.xml.rels
[DEBUG] 2025-11-07 14:16:52.986 [main] PackageRelationshipCollection - Parsing relationship: /_rels/.rels
[TRACE] 2025-11-07 14:16:53.188 [main] XBeanDebug - Resolving type for handle stcelltypebf95type
[TRACE] 2025-11-07 14:16:53.213 [main] XBeanDebug - Resolving type for handle stcellstylexfid70c7type
[TRACE] 2025-11-07 14:16:53.220 [main] XBeanDebug - Resolving type for handle stnumfmtid76fbtype
[TRACE] 2025-11-07 14:16:53.226 [main] XBeanDebug - Resolving type for handle ctworkbookpr03a5type
[DEBUG] 2025-11-07 14:16:53.291 [main] PackageRelationshipCollection - Parsing relationship: /xl/_rels/workbook.xml.rels
[DEBUG] 2025-11-07 14:16:53.330 [main] PackageRelationshipCollection - Parsing relationship: /xl/worksheets/_rels/sheet1.xml.rels
[DEBUG] 2025-11-07 14:16:53.360 [main] PackageRelationshipCollection - Parsing relationship: /_rels/.rels
[DEBUG] 2025-11-07 14:16:53.537 [main] PackageRelationshipCollection - Parsing relationship: /xl/_rels/workbook.xml.rels
[DEBUG] 2025-11-07 14:16:53.541 [main] PackageRelationshipCollection - Parsing relationship: /xl/worksheets/_rels/sheet1.xml.rels
[DEBUG] 2025-11-07 14:16:53.556 [main] PackageRelationshipCollection - Parsing relationship: /_rels/.rels
[DEBUG] 2025-11-07 14:16:53.827 [main] PackageRelationshipCollection - Parsing relationship: /xl/_rels/workbook.xml.rels
[DEBUG] 2025-11-07 14:16:53.831 [main] PackageRelationshipCollection - Parsing relationship: /xl/worksheets/_rels/sheet1.xml.rels
[DEBUG] 2025-11-07 14:16:53.838 [main] PackageRelationshipCollection - Parsing relationship: /_rels/.rels
[DEBUG] 2025-11-07 14:16:53.964 [main] PackageRelationshipCollection - Parsing relationship: /xl/_rels/workbook.xml.rels
[DEBUG] 2025-11-07 14:16:53.971 [main] PackageRelationshipCollection - Parsing relationship: /xl/worksheets/_rels/sheet1.xml.rels
[DEBUG] 2025-11-07 14:16:53.978 [main] PackageRelationshipCollection - Parsing relationship: /_rels/.rels
[DEBUG] 2025-11-07 14:16:54.065 [main] PackageRelationshipCollection - Parsing relationship: /xl/_rels/workbook.xml.rels
[DEBUG] 2025-11-07 14:16:54.074 [main] PackageRelationshipCollection - Parsing relationship: /xl/worksheets/_rels/sheet1.xml.rels
[DEBUG] 2025-11-07 14:16:54.076 [main] PackageRelationshipCollection - Parsing relationship: /_rels/.rels
[DEBUG] 2025-11-07 14:16:54.348 [main] PackageRelationshipCollection - Parsing relationship: /xl/_rels/workbook.xml.rels
[DEBUG] 2025-11-07 14:16:54.370 [main] PackageRelationshipCollection - Parsing relationship: /xl/worksheets/_rels/sheet1.xml.rels
[DEBUG] 2025-11-07 14:16:54.379 [main] PackageRelationshipCollection - Parsing relationship: /_rels/.rels
[DEBUG] 2025-11-07 14:16:54.610 [main] PackageRelationshipCollection - Parsing relationship: /xl/_rels/workbook.xml.rels
[DEBUG] 2025-11-07 14:16:54.612 [main] PackageRelationshipCollection - Parsing relationship: /xl/worksheets/_rels/sheet1.xml.rels
[DEBUG] 2025-11-07 14:16:54.614 [main] PackageRelationshipCollection - Parsing relationship: /_rels/.rels
[DEBUG] 2025-11-07 14:16:54.807 [main] PackageRelationshipCollection - Parsing relationship: /xl/_rels/workbook.xml.rels
[DEBUG] 2025-11-07 14:16:54.821 [main] PackageRelationshipCollection - Parsing relationship: /xl/worksheets/_rels/sheet1.xml.rels
[DEBUG] 2025-11-07 14:16:54.825 [main] PackageRelationshipCollection - Parsing relationship: /_rels/.rels
[DEBUG] 2025-11-07 14:16:54.945 [main] PackageRelationshipCollection - Parsing relationship: /xl/_rels/workbook.xml.rels
[DEBUG] 2025-11-07 14:16:54.947 [main] PackageRelationshipCollection - Parsing relationship: /xl/worksheets/_rels/sheet1.xml.rels
[DEBUG] 2025-11-07 14:16:54.948 [main] PackageRelationshipCollection - Parsing relationship: /_rels/.rels
[DEBUG] 2025-11-07 14:16:55.059 [main] PackageRelationshipCollection - Parsing relationship: /xl/_rels/workbook.xml.rels
[DEBUG] 2025-11-07 14:16:55.062 [main] PackageRelationshipCollection - Parsing relationship: /xl/worksheets/_rels/sheet1.xml.rels
[DEBUG] 2025-11-07 14:16:55.064 [main] PackageRelationshipCollection - Parsing relationship: /_rels/.rels
[DEBUG] 2025-11-07 14:16:55.280 [main] PackageRelationshipCollection - Parsing relationship: /xl/_rels/workbook.xml.rels
[DEBUG] 2025-11-07 14:16:55.280 [main] PackageRelationshipCollection - Parsing relationship: /xl/worksheets/_rels/sheet1.xml.rels
[DEBUG] 2025-11-07 14:16:55.286 [main] PackageRelationshipCollection - Parsing relationship: /_rels/.rels
[INFO ] 2025-11-07 14:16:55.487 [main] CrudTestsExcel - *****Creating a new user*****
[INFO ] 2025-11-07 14:17:08.519 [main] CrudTestsExcel - *****Creating a new user*****
[DEBUG] 2025-11-07 14:17:10.018 [main] PackageRelationshipCollection - Parsing relationship: /xl/_rels/workbook.xml.rels
[DEBUG] 2025-11-07 14:17:10.021 [main] PackageRelationshipCollection - Parsing relationship: /xl/worksheets/_rels/sheet1.xml.rels
[DEBUG] 2025-11-07 14:17:10.022 [main] PackageRelationshipCollection - Parsing relationship: /_rels/.rels
[DEBUG] 2025-11-07 14:17:10.111 [main] PackageRelationshipCollection - Parsing relationship: /xl/_rels/workbook.xml.rels
[DEBUG] 2025-11-07 14:17:10.120 [main] PackageRelationshipCollection - Parsing relationship: /xl/worksheets/_rels/sheet1.xml.rels
[DEBUG] 2025-11-07 14:17:10.123 [main] PackageRelationshipCollection - Parsing relationship: /_rels/.rels
[DEBUG] 2025-11-07 14:17:10.263 [main] PackageRelationshipCollection - Parsing relationship: /xl/_rels/workbook.xml.rels
[DEBUG] 2025-11-07 14:17:10.265 [main] PackageRelationshipCollection - Parsing relationship: /xl/worksheets/_rels/sheet1.xml.rels
[DEBUG] 2025-11-07 14:17:10.269 [main] PackageRelationshipCollection - Parsing relationship: /_rels/.rels
[INFO ] 2025-11-07 14:17:10.324 [main] CrudTestsExcel - *****Deleting user*****
[INFO ] 2025-11-07 14:17:12.559 [main] CrudTestsExcel - *****Deleting user*****
[INFO ] 2025-11-07 14:17:14.931 [main] UserTextCases - ****Creating a new user****
[INFO ] 2025-11-07 14:17:16.630 [main] UserTextCases - ****Fetching user info****
[INFO ] 2025-11-07 14:17:18.470 [main] UserTextCases - ***** Updating user info*****
[ERROR] 2025-11-07 14:17:23.204 [main] UserTextCases - Could not update user info because of folllowing reason The parameter "firstName" was used but not defined. Define parameters using the JsonPath.param(...) function
